Using pre-set license
Built from '2021.2/staging' branch; Version is '2021.2.7f1 (6bd9e232123f) revision 7068130'; Using compiler version '192829333'; Build Type 'Release'
OS: 'Windows 11  (10.0.22621) 64bit CoreSingleLanguage' Language: 'en' Physical Memory: 8043 MB
BatchMode: 1, IsHumanControllingUs: 0, StartBugReporterOnCrash: 0, Is64bit: 1, IsPro: 0

COMMAND LINE ARGUMENTS:
C:\Program Files\Unity\Hub\Editor\2021.2.7f1\Editor\Unity.exe
-adb2
-batchMode
-noUpm
-name
AssetImportWorker0
-projectPath
C:/Unity Projects/Projects/arthurs-adventure/Arthurs-Adventure
-logFile
Logs/AssetImportWorker0.log
-srvPort
50109
Successfully changed project path to: C:/Unity Projects/Projects/arthurs-adventure/Arthurs-Adventure
C:/Unity Projects/Projects/arthurs-adventure/Arthurs-Adventure
[UnityMemory] Configuration Parameters - Can be set up in boot.config
    "memorysetup-bucket-allocator-granularity=16"
    "memorysetup-bucket-allocator-bucket-count=8"
    "memorysetup-bucket-allocator-block-size=33554432"
    "memorysetup-bucket-allocator-block-count=8"
    "memorysetup-main-allocator-block-size=16777216"
    "memorysetup-thread-allocator-block-size=16777216"
    "memorysetup-gfx-main-allocator-block-size=16777216"
    "memorysetup-gfx-thread-allocator-block-size=16777216"
    "memorysetup-cache-allocator-block-size=4194304"
    "memorysetup-typetree-allocator-block-size=2097152"
    "memorysetup-profiler-bucket-allocator-granularity=16"
    "memorysetup-profiler-bucket-allocator-bucket-count=8"
    "memorysetup-profiler-bucket-allocator-block-size=33554432"
    "memorysetup-profiler-bucket-allocator-block-count=8"
    "memorysetup-profiler-allocator-block-size=16777216"
    "memorysetup-profiler-editor-allocator-block-size=1048576"
    "memorysetup-temp-allocator-size-main=16777216"
    "memorysetup-job-temp-allocator-block-size=2097152"
    "memorysetup-job-temp-allocator-block-size-background=1048576"
    "memorysetup-job-temp-allocator-reduction-small-platforms=262144"
    "memorysetup-temp-allocator-size-background-worker=32768"
    "memorysetup-temp-allocator-size-job-worker=262144"
    "memorysetup-temp-allocator-size-preload-manager=33554432"
    "memorysetup-temp-allocator-size-nav-mesh-worker=65536"
    "memorysetup-temp-allocator-size-audio-worker=65536"
    "memorysetup-temp-allocator-size-cloud-worker=32768"
    "memorysetup-temp-allocator-size-gi-baking-worker=262144"
    "memorysetup-temp-allocator-size-gfx=262144"
Refreshing native plugins compatible for Editor in 187.77 ms, found 4 plugins.
Preloading 0 native plugins for Editor in 0.00 ms.
Initialize engine version: 2021.2.7f1 (6bd9e232123f)
[Subsystems] Discovering subsystems at path C:/Program Files/Unity/Hub/Editor/2021.2.7f1/Editor/Data/Resources/UnitySubsystems
[Subsystems] Discovering subsystems at path C:/Unity Projects/Projects/arthurs-adventure/Arthurs-Adventure/Assets
GfxDevice: creating device client; threaded=0; jobified=0
Direct3D:
    Version:  Direct3D 11.0 [level 11.1]
    Renderer: NVIDIA GeForce GTX 1650 (ID=0x1f91)
    Vendor:   NVIDIA
    VRAM:     3962 MB
    Driver:   31.0.15.1659
Initialize mono
Mono path[0] = 'C:/Program Files/Unity/Hub/Editor/2021.2.7f1/Editor/Data/Managed'
Mono path[1] = 'C:/Program Files/Unity/Hub/Editor/2021.2.7f1/Editor/Data/MonoBleedingEdge/lib/mono/unityjit-win32'
Mono config path = 'C:/Program Files/Unity/Hub/Editor/2021.2.7f1/Editor/Data/MonoBleedingEdge/etc'
Using monoOptions --debugger-agent=transport=dt_socket,embedding=1,server=y,suspend=n,address=127.0.0.1:56404
Begin MonoManager ReloadAssembly
Registering precompiled unity dll's ...
Register platform support module: C:/Program Files/Unity/Hub/Editor/2021.2.7f1/Editor/Data/PlaybackEngines/WebGLSupport/UnityEditor.WebGL.Extensions.dll
Register platform support module: C:/Program Files/Unity/Hub/Editor/2021.2.7f1/Editor/Data/PlaybackEngines/WindowsStandaloneSupport/UnityEditor.WindowsStandalone.Extensions.dll
Registered in 0.009709 seconds.
Native extension for WindowsStandalone target not found
Native extension for WebGL target not found
Refreshing native plugins compatible for Editor in 254.16 ms, found 4 plugins.
Preloading 0 native plugins for Editor in 0.00 ms.
Mono: successfully reloaded assembly
- Completed reload, in  1.610 seconds
Domain Reload Profiling:
	ReloadAssembly (1611ms)
		BeginReloadAssembly (160ms)
			ExecutionOrderSort (0ms)
			DisableScriptedObjects (0ms)
			BackupInstance (0ms)
			ReleaseScriptingObjects (0ms)
			CreateAndSetChildDomain (2ms)
		EndReloadAssembly (1296ms)
			LoadAssemblies (154ms)
			RebuildTransferFunctionScriptingTraits (1ms)
			SetupTypeCache (245ms)
			ReleaseScriptCaches (0ms)
			RebuildScriptCaches (91ms)
			SetupLoadedEditorAssemblies (816ms)
				LogAssemblyErrors (0ms)
				InitializePlatformSupportModulesInManaged (36ms)
				SetLoadedEditorAssemblies (0ms)
				RefreshPlugins (254ms)
				BeforeProcessingInitializeOnLoad (3ms)
				ProcessInitializeOnLoadAttributes (387ms)
				ProcessInitializeOnLoadMethodAttributes (136ms)
				AfterProcessingInitializeOnLoad (0ms)
				EditorAssembliesLoaded (0ms)
			ExecutionOrderSort2 (0ms)
			AwakeInstancesAfterBackupRestoration (0ms)
Platform modules already initialized, skipping
Registering precompiled user dll's ...
Registered in 0.014244 seconds.
Begin MonoManager ReloadAssembly
Symbol file LoadedFromMemory doesn't match image C:\Unity Projects\Projects\arthurs-adventure\Arthurs-Adventure\Library\PackageCache\com.unity.visualscripting@1.7.6\Editor\VisualScripting.Core\Dependencies\YamlDotNet\Unity.VisualScripting.YamlDotNet.dll
Symbol file LoadedFromMemory doesn't match image C:\Unity Projects\Projects\arthurs-adventure\Arthurs-Adventure\Library\PackageCache\com.unity.visualscripting@1.7.6\Editor\VisualScripting.Core\Dependencies\DotNetZip\Unity.VisualScripting.IonicZip.dll
Native extension for WindowsStandalone target not found
Native extension for WebGL target not found
Refreshing native plugins compatible for Editor in 237.92 ms, found 4 plugins.
Preloading 0 native plugins for Editor in 0.00 ms.
Mono: successfully reloaded assembly
- Completed reload, in  6.175 seconds
Domain Reload Profiling:
	ReloadAssembly (6177ms)
		BeginReloadAssembly (821ms)
			ExecutionOrderSort (0ms)
			DisableScriptedObjects (56ms)
			BackupInstance (0ms)
			ReleaseScriptingObjects (0ms)
			CreateAndSetChildDomain (91ms)
		EndReloadAssembly (4555ms)
			LoadAssemblies (604ms)
			RebuildTransferFunctionScriptingTraits (0ms)
			SetupTypeCache (1029ms)
			ReleaseScriptCaches (11ms)
			RebuildScriptCaches (531ms)
			SetupLoadedEditorAssemblies (2214ms)
				LogAssemblyErrors (0ms)
				InitializePlatformSupportModulesInManaged (21ms)
				SetLoadedEditorAssemblies (0ms)
				RefreshPlugins (238ms)
				BeforeProcessingInitializeOnLoad (182ms)
				ProcessInitializeOnLoadAttributes (1696ms)
				ProcessInitializeOnLoadMethodAttributes (69ms)
				AfterProcessingInitializeOnLoad (8ms)
				EditorAssembliesLoaded (0ms)
			ExecutionOrderSort2 (0ms)
			AwakeInstancesAfterBackupRestoration (11ms)
Platform modules already initialized, skipping
========================================================================
Worker process is ready to serve import requests
Launched and connected shader compiler UnityShaderCompiler.exe after 0.12 seconds
Refreshing native plugins compatible for Editor in 2.22 ms, found 4 plugins.
Preloading 0 native plugins for Editor in 0.00 ms.
Unloading 4426 Unused Serialized files (Serialized files now loaded: 0)
Unloading 58 unused Assets / (228.6 KB). Loaded Objects now: 4881.
Memory consumption went from 241.8 MB to 241.6 MB.
Total: 8.232700 ms (FindLiveObjects: 0.653400 ms CreateObjectMapping: 0.553000 ms MarkObjects: 6.753700 ms  DeleteObjects: 0.270400 ms)

AssetImportParameters requested are different than current active one (requested -> active):
  custom:video-decoder-ogg-theora: a1e56fd34408186e4bbccfd4996cb3dc -> 
  custom:container-muxer-webm: aa71ff27fc2769a1b78a27578f13a17b -> 
  custom:container-demuxer-webm: 4f35f7cbe854078d1ac9338744f61a02 -> 
  custom:video-encoder-webm-vp8: eb34c28f22e8b96e1ab97ce403110664 -> 
  custom:video-codec-MediaFoundation-h265: 746d11721c4dcdbdad8f713fa42b33f4 -> 
  custom:audio-encoder-webm-vorbis: bf7c407c2cedff20999df2af8eb42d56 -> 
  custom:framework-win-MediaFoundation: 216162199b28c13a410421893ffa2e32 -> 
  custom:container-demuxer-ogg: 62fdf1f143b41e24485cea50d1cbac27 -> 
  custom:video-decoder-webm-vp8: 9c59270c3fd7afecdb556c50c9e8de78 -> 
  custom:audio-decoder-ogg-vorbis: bf7c407c2cedff20999df2af8eb42d56 -> 
========================================================================
Received Import Request.
  Time since last request: 560.788886 seconds.
  path: Assets/Scripts/BouncePad.cs
  artifactKey: Guid(ec14ca81625d13e4fbe567e95ccf7635) Importer(815301076,1909f56bfc062723c751e8b465ee728b)
Start importing Assets/Scripts/BouncePad.cs using Guid(ec14ca81625d13e4fbe567e95ccf7635) Importer(815301076,1909f56bfc062723c751e8b465ee728b)  -> (artifact id: '31a65fad764c5993adeebca60d483c12') in 0.055287 seconds 
========================================================================
Received Prepare
Registering precompiled user dll's ...
Registered in 0.007432 seconds.
Begin MonoManager ReloadAssembly
Symbol file LoadedFromMemory doesn't match image C:\Unity Projects\Projects\arthurs-adventure\Arthurs-Adventure\Library\PackageCache\com.unity.visualscripting@1.7.6\Editor\VisualScripting.Core\Dependencies\YamlDotNet\Unity.VisualScripting.YamlDotNet.dll
Symbol file LoadedFromMemory doesn't match image C:\Unity Projects\Projects\arthurs-adventure\Arthurs-Adventure\Library\PackageCache\com.unity.visualscripting@1.7.6\Editor\VisualScripting.Core\Dependencies\DotNetZip\Unity.VisualScripting.IonicZip.dll
Native extension for WindowsStandalone target not found
Native extension for WebGL target not found
Refreshing native plugins compatible for Editor in 1.64 ms, found 4 plugins.
Preloading 0 native plugins for Editor in 0.00 ms.
Mono: successfully reloaded assembly
- Completed reload, in  2.673 seconds
Domain Reload Profiling:
	ReloadAssembly (2675ms)
		BeginReloadAssembly (394ms)
			ExecutionOrderSort (0ms)
			DisableScriptedObjects (14ms)
			BackupInstance (0ms)
			ReleaseScriptingObjects (0ms)
			CreateAndSetChildDomain (105ms)
		EndReloadAssembly (2082ms)
			LoadAssemblies (256ms)
			RebuildTransferFunctionScriptingTraits (0ms)
			SetupTypeCache (587ms)
			ReleaseScriptCaches (3ms)
			RebuildScriptCaches (169ms)
			SetupLoadedEditorAssemblies (1000ms)
				LogAssemblyErrors (0ms)
				InitializePlatformSupportModulesInManaged (23ms)
				SetLoadedEditorAssemblies (1ms)
				RefreshPlugins (2ms)
				BeforeProcessingInitializeOnLoad (117ms)
				ProcessInitializeOnLoadAttributes (784ms)
				ProcessInitializeOnLoadMethodAttributes (63ms)
				AfterProcessingInitializeOnLoad (10ms)
				EditorAssembliesLoaded (1ms)
			ExecutionOrderSort2 (0ms)
			AwakeInstancesAfterBackupRestoration (16ms)
Platform modules already initialized, skipping
Refreshing native plugins compatible for Editor in 3.10 ms, found 4 plugins.
Preloading 0 native plugins for Editor in 0.00 ms.
Unloading 4406 Unused Serialized files (Serialized files now loaded: 0)
Unloading 34 unused Assets / (221.1 KB). Loaded Objects now: 4896.
Memory consumption went from 240.3 MB to 240.1 MB.
Total: 11.631600 ms (FindLiveObjects: 1.231300 ms CreateObjectMapping: 0.674600 ms MarkObjects: 9.136200 ms  DeleteObjects: 0.584700 ms)

AssetImportParameters requested are different than current active one (requested -> active):
  custom:video-decoder-ogg-theora: a1e56fd34408186e4bbccfd4996cb3dc -> 
  custom:container-muxer-webm: aa71ff27fc2769a1b78a27578f13a17b -> 
  custom:container-demuxer-webm: 4f35f7cbe854078d1ac9338744f61a02 -> 
  custom:video-encoder-webm-vp8: eb34c28f22e8b96e1ab97ce403110664 -> 
  custom:video-codec-MediaFoundation-h265: 746d11721c4dcdbdad8f713fa42b33f4 -> 
  custom:audio-encoder-webm-vorbis: bf7c407c2cedff20999df2af8eb42d56 -> 
  custom:framework-win-MediaFoundation: 216162199b28c13a410421893ffa2e32 -> 
  custom:container-demuxer-ogg: 62fdf1f143b41e24485cea50d1cbac27 -> 
  custom:video-decoder-webm-vp8: 9c59270c3fd7afecdb556c50c9e8de78 -> 
  custom:audio-decoder-ogg-vorbis: bf7c407c2cedff20999df2af8eb42d56 -> 
========================================================================
Received Import Request.
  Time since last request: 350.720127 seconds.
  path: Assets/Levels/Gardens/5.unity
  artifactKey: Guid(f327851ab19fddf46a986806ab0d1622) Importer(815301076,1909f56bfc062723c751e8b465ee728b)
Start importing Assets/Levels/Gardens/5.unity using Guid(f327851ab19fddf46a986806ab0d1622) Importer(815301076,1909f56bfc062723c751e8b465ee728b)  -> (artifact id: '4402104f50c0dff1e71d278925781b56') in 0.023915 seconds 
========================================================================
Received Import Request.
  Time since last request: 1819.785795 seconds.
  path: Assets/Levels/Gardens/6.unity
  artifactKey: Guid(76745c9f257943540baa5c8ca2cfacb3) Importer(815301076,1909f56bfc062723c751e8b465ee728b)
Start importing Assets/Levels/Gardens/6.unity using Guid(76745c9f257943540baa5c8ca2cfacb3) Importer(815301076,1909f56bfc062723c751e8b465ee728b)  -> (artifact id: 'e6aafec62520660a86354661e195a3df') in 0.010725 seconds 
========================================================================
Received Import Request.
  Time since last request: 40.583174 seconds.
  path: Assets/Animations/State Driven Camera Blends.asset
  artifactKey: Guid(773461553671c4648b98213b486825b3) Importer(815301076,1909f56bfc062723c751e8b465ee728b)
Start importing Assets/Animations/State Driven Camera Blends.asset using Guid(773461553671c4648b98213b486825b3) Importer(815301076,1909f56bfc062723c751e8b465ee728b)  -> (artifact id: '2cd26d7704ea8a3758c27783686847e0') in 0.029290 seconds 
========================================================================
Received Import Request.
  Time since last request: 6.791879 seconds.
  path: Assets/Animations/Flag Animation 1.anim
  artifactKey: Guid(759af5a7af66092418206be61e2138ca) Importer(815301076,1909f56bfc062723c751e8b465ee728b)
Start importing Assets/Animations/Flag Animation 1.anim using Guid(759af5a7af66092418206be61e2138ca) Importer(815301076,1909f56bfc062723c751e8b465ee728b)  -> (artifact id: '89d864607a10fb1d8da94486f3fb9a1c') in 0.013137 seconds 
========================================================================
Received Import Request.
  Time since last request: 13.427386 seconds.
  path: Assets/Animations/Flag Animation New.anim
  artifactKey: Guid(759af5a7af66092418206be61e2138ca) Importer(815301076,1909f56bfc062723c751e8b465ee728b)
Start importing Assets/Animations/Flag Animation New.anim using Guid(759af5a7af66092418206be61e2138ca) Importer(815301076,1909f56bfc062723c751e8b465ee728b)  -> (artifact id: '56e96a125688061c4598f872ec0401cc') in 0.008357 seconds 
========================================================================
Received Import Request.
  Time since last request: 1241.430274 seconds.
  path: Assets/Sprites In Use/New Ground Tiles/New Tileset/flag.png
  artifactKey: Guid(e6cd5c684b199bb4ebcad76bb5d326ab) Importer(815301076,1909f56bfc062723c751e8b465ee728b)
Start importing Assets/Sprites In Use/New Ground Tiles/New Tileset/flag.png using Guid(e6cd5c684b199bb4ebcad76bb5d326ab) Importer(815301076,1909f56bfc062723c751e8b465ee728b)  -> (artifact id: '86bc2583983e7bf8fcc33b047219c832') in 0.296815 seconds 
========================================================================
Received Import Request.
  Time since last request: 11.617801 seconds.
  path: Assets/Sprites In Use/New Ground Tiles/New Tileset/New Flag.png
  artifactKey: Guid(7a624997f8b3c554dbf12a27646f2947) Importer(815301076,1909f56bfc062723c751e8b465ee728b)
Start importing Assets/Sprites In Use/New Ground Tiles/New Tileset/New Flag.png using Guid(7a624997f8b3c554dbf12a27646f2947) Importer(815301076,1909f56bfc062723c751e8b465ee728b)  -> (artifact id: '9bed6d786bec1e571a129d35cd9c0079') in 0.017264 seconds 
========================================================================
Received Import Request.
  Time since last request: 12.849561 seconds.
  path: Assets/Sprites In Use/New Ground Tiles/New Tileset/New Flag.png
  artifactKey: Guid(7a624997f8b3c554dbf12a27646f2947) Importer(815301076,1909f56bfc062723c751e8b465ee728b)
Start importing Assets/Sprites In Use/New Ground Tiles/New Tileset/New Flag.png using Guid(7a624997f8b3c554dbf12a27646f2947) Importer(815301076,1909f56bfc062723c751e8b465ee728b)  -> (artifact id: 'd06b785a8252df908c5c7b0ec4bf7fe4') in 0.018158 seconds 
========================================================================
Received Import Request.
  Time since last request: 22.208705 seconds.
  path: Assets/Sprites In Use/New Ground Tiles/New Tileset/New Flag.png
  artifactKey: Guid(7a624997f8b3c554dbf12a27646f2947) Importer(815301076,1909f56bfc062723c751e8b465ee728b)
Start importing Assets/Sprites In Use/New Ground Tiles/New Tileset/New Flag.png using Guid(7a624997f8b3c554dbf12a27646f2947) Importer(815301076,1909f56bfc062723c751e8b465ee728b)  -> (artifact id: '755660d51bf0c435686f63c2dc0d8793') in 0.043142 seconds 
========================================================================
Received Import Request.
  Time since last request: 230.325303 seconds.
  path: Assets/Sprites In Use/New Ground Tiles/New Tileset/New Flag.png
  artifactKey: Guid(7a624997f8b3c554dbf12a27646f2947) Importer(815301076,1909f56bfc062723c751e8b465ee728b)
Start importing Assets/Sprites In Use/New Ground Tiles/New Tileset/New Flag.png using Guid(7a624997f8b3c554dbf12a27646f2947) Importer(815301076,1909f56bfc062723c751e8b465ee728b)  -> (artifact id: '118c14fcc9f92671bff6356e2ec9db90') in 0.046904 seconds 
========================================================================
Received Import Request.
  Time since last request: 59.935128 seconds.
  path: Assets/Sprites In Use/New Ground Tiles/New Tileset/New Flag.png
  artifactKey: Guid(7a624997f8b3c554dbf12a27646f2947) Importer(815301076,1909f56bfc062723c751e8b465ee728b)
Start importing Assets/Sprites In Use/New Ground Tiles/New Tileset/New Flag.png using Guid(7a624997f8b3c554dbf12a27646f2947) Importer(815301076,1909f56bfc062723c751e8b465ee728b)  -> (artifact id: '3b765d92d591d9e6c275738c9cbc2db4') in 0.038415 seconds 
========================================================================
Received Import Request.
  Time since last request: 356.459730 seconds.
  path: Assets/Sprites In Use/New Ground Tiles/New Tileset/New Flag.png
  artifactKey: Guid(7a624997f8b3c554dbf12a27646f2947) Importer(815301076,1909f56bfc062723c751e8b465ee728b)
Start importing Assets/Sprites In Use/New Ground Tiles/New Tileset/New Flag.png using Guid(7a624997f8b3c554dbf12a27646f2947) Importer(815301076,1909f56bfc062723c751e8b465ee728b)  -> (artifact id: '9393fb50a801db759a9be115c355a36c') in 0.044206 seconds 
========================================================================
Received Import Request.
  Time since last request: 102.957746 seconds.
  path: Assets/Sprites In Use/New Ground Tiles/New Tileset/New Flag.png
  artifactKey: Guid(7a624997f8b3c554dbf12a27646f2947) Importer(815301076,1909f56bfc062723c751e8b465ee728b)
Start importing Assets/Sprites In Use/New Ground Tiles/New Tileset/New Flag.png using Guid(7a624997f8b3c554dbf12a27646f2947) Importer(815301076,1909f56bfc062723c751e8b465ee728b)  -> (artifact id: 'fe4b255aaeab622fb91151cbc3b0b42c') in 0.045207 seconds 
========================================================================
Received Import Request.
  Time since last request: 35.970159 seconds.
  path: Assets/Sprites In Use/New Ground Tiles/New Tileset/New Flag.png
  artifactKey: Guid(7a624997f8b3c554dbf12a27646f2947) Importer(815301076,1909f56bfc062723c751e8b465ee728b)
Start importing Assets/Sprites In Use/New Ground Tiles/New Tileset/New Flag.png using Guid(7a624997f8b3c554dbf12a27646f2947) Importer(815301076,1909f56bfc062723c751e8b465ee728b)  -> (artifact id: '75a90199c188844e520072243333f917') in 0.043967 seconds 
========================================================================
Received Prepare
Registering precompiled user dll's ...
Registered in 0.008505 seconds.
Begin MonoManager ReloadAssembly
Symbol file LoadedFromMemory doesn't match image C:\Unity Projects\Projects\arthurs-adventure\Arthurs-Adventure\Library\PackageCache\com.unity.visualscripting@1.7.6\Editor\VisualScripting.Core\Dependencies\YamlDotNet\Unity.VisualScripting.YamlDotNet.dll
Symbol file LoadedFromMemory doesn't match image C:\Unity Projects\Projects\arthurs-adventure\Arthurs-Adventure\Library\PackageCache\com.unity.visualscripting@1.7.6\Editor\VisualScripting.Core\Dependencies\DotNetZip\Unity.VisualScripting.IonicZip.dll
Native extension for WindowsStandalone target not found
Native extension for WebGL target not found
Refreshing native plugins compatible for Editor in 2.98 ms, found 4 plugins.
Preloading 0 native plugins for Editor in 0.00 ms.
Mono: successfully reloaded assembly
- Completed reload, in  2.804 seconds
Domain Reload Profiling:
	ReloadAssembly (2805ms)
		BeginReloadAssembly (498ms)
			ExecutionOrderSort (0ms)
			DisableScriptedObjects (27ms)
			BackupInstance (0ms)
			ReleaseScriptingObjects (0ms)
			CreateAndSetChildDomain (227ms)
		EndReloadAssembly (2096ms)
			LoadAssemblies (207ms)
			RebuildTransferFunctionScriptingTraits (0ms)
			SetupTypeCache (582ms)
			ReleaseScriptCaches (3ms)
			RebuildScriptCaches (113ms)
			SetupLoadedEditorAssemblies (1063ms)
				LogAssemblyErrors (0ms)
				InitializePlatformSupportModulesInManaged (26ms)
				SetLoadedEditorAssemblies (1ms)
				RefreshPlugins (3ms)
				BeforeProcessingInitializeOnLoad (153ms)
				ProcessInitializeOnLoadAttributes (800ms)
				ProcessInitializeOnLoadMethodAttributes (67ms)
				AfterProcessingInitializeOnLoad (12ms)
				EditorAssembliesLoaded (1ms)
			ExecutionOrderSort2 (0ms)
			AwakeInstancesAfterBackupRestoration (40ms)
Platform modules already initialized, skipping
Refreshing native plugins compatible for Editor in 2.55 ms, found 4 plugins.
Preloading 0 native plugins for Editor in 0.00 ms.
Unloading 4407 Unused Serialized files (Serialized files now loaded: 0)
Unloading 34 unused Assets / (221.4 KB). Loaded Objects now: 5045.
Memory consumption went from 248.3 MB to 248.1 MB.
Total: 11.511100 ms (FindLiveObjects: 1.304400 ms CreateObjectMapping: 1.011000 ms MarkObjects: 8.839900 ms  DeleteObjects: 0.353500 ms)

AssetImportParameters requested are different than current active one (requested -> active):
  custom:video-decoder-ogg-theora: a1e56fd34408186e4bbccfd4996cb3dc -> 
  custom:container-muxer-webm: aa71ff27fc2769a1b78a27578f13a17b -> 
  custom:container-demuxer-webm: 4f35f7cbe854078d1ac9338744f61a02 -> 
  custom:video-encoder-webm-vp8: eb34c28f22e8b96e1ab97ce403110664 -> 
  custom:video-codec-MediaFoundation-h265: 746d11721c4dcdbdad8f713fa42b33f4 -> 
  custom:audio-encoder-webm-vorbis: bf7c407c2cedff20999df2af8eb42d56 -> 
  custom:framework-win-MediaFoundation: 216162199b28c13a410421893ffa2e32 -> 
  custom:container-demuxer-ogg: 62fdf1f143b41e24485cea50d1cbac27 -> 
  custom:video-decoder-webm-vp8: 9c59270c3fd7afecdb556c50c9e8de78 -> 
  custom:audio-decoder-ogg-vorbis: bf7c407c2cedff20999df2af8eb42d56 -> 
========================================================================
Received Prepare
Registering precompiled user dll's ...
Registered in 0.012050 seconds.
Begin MonoManager ReloadAssembly
Symbol file LoadedFromMemory doesn't match image C:\Unity Projects\Projects\arthurs-adventure\Arthurs-Adventure\Library\PackageCache\com.unity.visualscripting@1.7.6\Editor\VisualScripting.Core\Dependencies\YamlDotNet\Unity.VisualScripting.YamlDotNet.dll
Symbol file LoadedFromMemory doesn't match image C:\Unity Projects\Projects\arthurs-adventure\Arthurs-Adventure\Library\PackageCache\com.unity.visualscripting@1.7.6\Editor\VisualScripting.Core\Dependencies\DotNetZip\Unity.VisualScripting.IonicZip.dll
Native extension for WindowsStandalone target not found
Native extension for WebGL target not found
Refreshing native plugins compatible for Editor in 1.59 ms, found 4 plugins.
Preloading 0 native plugins for Editor in 0.00 ms.
Mono: successfully reloaded assembly
- Completed reload, in  2.043 seconds
Domain Reload Profiling:
	ReloadAssembly (2045ms)
		BeginReloadAssembly (166ms)
			ExecutionOrderSort (0ms)
			DisableScriptedObjects (8ms)
			BackupInstance (0ms)
			ReleaseScriptingObjects (0ms)
			CreateAndSetChildDomain (45ms)
		EndReloadAssembly (1768ms)
			LoadAssemblies (105ms)
			RebuildTransferFunctionScriptingTraits (0ms)
			SetupTypeCache (374ms)
			ReleaseScriptCaches (4ms)
			RebuildScriptCaches (126ms)
			SetupLoadedEditorAssemblies (1007ms)
				LogAssemblyErrors (0ms)
				InitializePlatformSupportModulesInManaged (26ms)
				SetLoadedEditorAssemblies (1ms)
				RefreshPlugins (2ms)
				BeforeProcessingInitializeOnLoad (137ms)
				ProcessInitializeOnLoadAttributes (770ms)
				ProcessInitializeOnLoadMethodAttributes (61ms)
				AfterProcessingInitializeOnLoad (10ms)
				EditorAssembliesLoaded (0ms)
			ExecutionOrderSort2 (0ms)
			AwakeInstancesAfterBackupRestoration (30ms)
Platform modules already initialized, skipping
Refreshing native plugins compatible for Editor in 2.06 ms, found 4 plugins.
Preloading 0 native plugins for Editor in 0.00 ms.
Unloading 4405 Unused Serialized files (Serialized files now loaded: 0)
Unloading 34 unused Assets / (221.3 KB). Loaded Objects now: 5059.
Memory consumption went from 248.2 MB to 248.0 MB.
Total: 9.903300 ms (FindLiveObjects: 1.151100 ms CreateObjectMapping: 0.631700 ms MarkObjects: 7.852200 ms  DeleteObjects: 0.265800 ms)

AssetImportParameters requested are different than current active one (requested -> active):
  custom:video-decoder-ogg-theora: a1e56fd34408186e4bbccfd4996cb3dc -> 
  custom:container-muxer-webm: aa71ff27fc2769a1b78a27578f13a17b -> 
  custom:container-demuxer-webm: 4f35f7cbe854078d1ac9338744f61a02 -> 
  custom:video-encoder-webm-vp8: eb34c28f22e8b96e1ab97ce403110664 -> 
  custom:video-codec-MediaFoundation-h265: 746d11721c4dcdbdad8f713fa42b33f4 -> 
  custom:audio-encoder-webm-vorbis: bf7c407c2cedff20999df2af8eb42d56 -> 
  custom:framework-win-MediaFoundation: 216162199b28c13a410421893ffa2e32 -> 
  custom:container-demuxer-ogg: 62fdf1f143b41e24485cea50d1cbac27 -> 
  custom:video-decoder-webm-vp8: 9c59270c3fd7afecdb556c50c9e8de78 -> 
  custom:audio-decoder-ogg-vorbis: bf7c407c2cedff20999df2af8eb42d56 -> 
========================================================================
Received Prepare
Registering precompiled user dll's ...
Registered in 0.010942 seconds.
Begin MonoManager ReloadAssembly
Symbol file LoadedFromMemory doesn't match image C:\Unity Projects\Projects\arthurs-adventure\Arthurs-Adventure\Library\PackageCache\com.unity.visualscripting@1.7.6\Editor\VisualScripting.Core\Dependencies\YamlDotNet\Unity.VisualScripting.YamlDotNet.dll
Symbol file LoadedFromMemory doesn't match image C:\Unity Projects\Projects\arthurs-adventure\Arthurs-Adventure\Library\PackageCache\com.unity.visualscripting@1.7.6\Editor\VisualScripting.Core\Dependencies\DotNetZip\Unity.VisualScripting.IonicZip.dll
Native extension for WindowsStandalone target not found
Native extension for WebGL target not found
Refreshing native plugins compatible for Editor in 1.36 ms, found 4 plugins.
Preloading 0 native plugins for Editor in 0.00 ms.
Mono: successfully reloaded assembly
- Completed reload, in  2.180 seconds
Domain Reload Profiling:
	ReloadAssembly (2181ms)
		BeginReloadAssembly (176ms)
			ExecutionOrderSort (0ms)
			DisableScriptedObjects (8ms)
			BackupInstance (0ms)
			ReleaseScriptingObjects (0ms)
			CreateAndSetChildDomain (51ms)
		EndReloadAssembly (1887ms)
			LoadAssemblies (120ms)
			RebuildTransferFunctionScriptingTraits (0ms)
			SetupTypeCache (369ms)
			ReleaseScriptCaches (3ms)
			RebuildScriptCaches (153ms)
			SetupLoadedEditorAssemblies (1027ms)
				LogAssemblyErrors (0ms)
				InitializePlatformSupportModulesInManaged (29ms)
				SetLoadedEditorAssemblies (1ms)
				RefreshPlugins (1ms)
				BeforeProcessingInitializeOnLoad (132ms)
				ProcessInitializeOnLoadAttributes (787ms)
				ProcessInitializeOnLoadMethodAttributes (65ms)
				AfterProcessingInitializeOnLoad (10ms)
				EditorAssembliesLoaded (1ms)
			ExecutionOrderSort2 (0ms)
			AwakeInstancesAfterBackupRestoration (31ms)
Platform modules already initialized, skipping
Refreshing native plugins compatible for Editor in 1.47 ms, found 4 plugins.
Preloading 0 native plugins for Editor in 0.00 ms.
Unloading 4405 Unused Serialized files (Serialized files now loaded: 0)
Unloading 34 unused Assets / (221.2 KB). Loaded Objects now: 5073.
Memory consumption went from 248.2 MB to 248.0 MB.
Total: 8.183900 ms (FindLiveObjects: 0.428700 ms CreateObjectMapping: 0.368200 ms MarkObjects: 7.141800 ms  DeleteObjects: 0.243000 ms)

AssetImportParameters requested are different than current active one (requested -> active):
  custom:video-decoder-ogg-theora: a1e56fd34408186e4bbccfd4996cb3dc -> 
  custom:container-muxer-webm: aa71ff27fc2769a1b78a27578f13a17b -> 
  custom:container-demuxer-webm: 4f35f7cbe854078d1ac9338744f61a02 -> 
  custom:video-encoder-webm-vp8: eb34c28f22e8b96e1ab97ce403110664 -> 
  custom:video-codec-MediaFoundation-h265: 746d11721c4dcdbdad8f713fa42b33f4 -> 
  custom:audio-encoder-webm-vorbis: bf7c407c2cedff20999df2af8eb42d56 -> 
  custom:framework-win-MediaFoundation: 216162199b28c13a410421893ffa2e32 -> 
  custom:container-demuxer-ogg: 62fdf1f143b41e24485cea50d1cbac27 -> 
  custom:video-decoder-webm-vp8: 9c59270c3fd7afecdb556c50c9e8de78 -> 
  custom:audio-decoder-ogg-vorbis: bf7c407c2cedff20999df2af8eb42d56 -> 
========================================================================
Received Import Request.
  Time since last request: 1199.565626 seconds.
  path: Assets/Sprites In Use/New Ground Tiles/New Tileset/Water.asset
  artifactKey: Guid(b01431a9d285f654096d82857a408c51) Importer(815301076,1909f56bfc062723c751e8b465ee728b)
Start importing Assets/Sprites In Use/New Ground Tiles/New Tileset/Water.asset using Guid(b01431a9d285f654096d82857a408c51) Importer(815301076,1909f56bfc062723c751e8b465ee728b)  -> (artifact id: 'a7f0265d19ea18e54b2027d3aa351c21') in 0.036472 seconds 
========================================================================
Received Import Request.
  Time since last request: 42.324483 seconds.
  path: Assets/Sprites In Use/Animated tiles/water_16.asset
  artifactKey: Guid(c6ac1bc11bad9074e9c5ea2cd5b161e0) Importer(815301076,1909f56bfc062723c751e8b465ee728b)
Start importing Assets/Sprites In Use/Animated tiles/water_16.asset using Guid(c6ac1bc11bad9074e9c5ea2cd5b161e0) Importer(815301076,1909f56bfc062723c751e8b465ee728b)  -> (artifact id: 'bd15a3f8eba6c52c0239224c788d2cbd') in 0.059183 seconds 
========================================================================
Received Import Request.
  Time since last request: 4.436000 seconds.
  path: Assets/Sprites In Use/Animated tiles/Water Bubbling.asset
  artifactKey: Guid(79152c9d1fc155e49b2844518dacfb67) Importer(815301076,1909f56bfc062723c751e8b465ee728b)
Start importing Assets/Sprites In Use/Animated tiles/Water Bubbling.asset using Guid(79152c9d1fc155e49b2844518dacfb67) Importer(815301076,1909f56bfc062723c751e8b465ee728b)  -> (artifact id: 'd02e581f9a2a2a1cf2d4cf95201caf03') in 0.017710 seconds 
